#
# There is insufficient memory for the Java Runtime Environment to continue.
# Native memory allocation (mmap) failed to map 132120576 bytes. Error detail: G1 virtual space
# Possible reasons:
#   The system is out of physical RAM or swap space
#   This process is running with CompressedOops enabled, and the Java Heap may be blocking the growth of the native heap
# Possible solutions:
#   Reduce memory load on the system
#   Increase physical memory or swap space
#   Check if swap backing store is full
#   Decrease Java heap size (-Xmx/-Xms)
#   Decrease number of Java threads
#   Decrease Java thread stack sizes (-Xss)
#   Set larger code cache with -XX:ReservedCodeCacheSize=
#   JVM is running with Unscaled Compressed Oops mode in which the Java heap is
#     placed in the first 4GB address space. The Java Heap base address is the
#     maximum limit for the native heap growth. Please use -XX:HeapBaseMinAddress
#     to set the Java Heap base and to place the Java Heap above 4GB virtual address.
# This output file may be truncated or incomplete.
#
#  Out of Memory Error (os_windows.cpp:3631), pid=15704, tid=1920
#
# JRE version:  (22.0+36) (build )
# Java VM: OpenJDK 64-Bit Server VM (22+36-2370, mixed mode, sharing, tiered, compressed oops, compressed class ptrs, g1 gc, windows-amd64)
# No core dump will be written. Minidumps are not enabled by default on client versions of Windows
#

---------------  S U M M A R Y ------------

Command Line: -Dmaven.multiModuleProjectDirectory=H:\Software\AdvancementPlugin -Djansi.passthrough=true -Dmaven.home=C:\Program Files\JetBrains\IntelliJ IDEA Community Edition 2024.1\plugins\maven\lib\maven3 -Dclassworlds.conf=C:\Program Files\JetBrains\IntelliJ IDEA Community Edition 2024.1\plugins\maven\lib\maven3\bin\m2.conf -Dmaven.ext.class.path=C:\Program Files\JetBrains\IntelliJ IDEA Community Edition 2024.1\plugins\maven\lib\maven-event-listener.jar -javaagent:C:\Program Files\JetBrains\IntelliJ IDEA Community Edition 2024.1\lib\idea_rt.jar=54397:C:\Program Files\JetBrains\IntelliJ IDEA Community Edition 2024.1\bin -Dfile.encoding=UTF-8 -Dsun.stdout.encoding=UTF-8 -Dsun.stderr.encoding=UTF-8 org.codehaus.classworlds.Launcher -Didea.version=2024.1 package

Host: Intel(R) Core(TM) i5-9500 CPU @ 3.00GHz, 6 cores, 7G,  Windows 10 , 64 bit Build 19041 (10.0.19041.3636)
Time: Fri Apr 12 16:17:34 2024 Mitteleuropäische Sommerzeit elapsed time: 0.065047 seconds (0d 0h 0m 0s)

---------------  T H R E A D  ---------------

Current thread (0x000001e6543bc6b0):  JavaThread "Unknown thread" [_thread_in_vm, id=1920, stack(0x000000bd75a00000,0x000000bd75b00000) (1024K)]

Stack: [0x000000bd75a00000,0x000000bd75b00000]
Native frames: (J=compiled Java code, j=interpreted, Vv=VM code, C=native code)
V  [jvm.dll+0x6e2349]  (no source info available)
V  [jvm.dll+0x874ed3]  (no source info available)
V  [jvm.dll+0x8772fe]  (no source info available)
V  [jvm.dll+0x8779d3]  (no source info available)
V  [jvm.dll+0x27fcb6]  (no source info available)
V  [jvm.dll+0x6de9e5]  (no source info available)
V  [jvm.dll+0x6d34ea]  (no source info available)
V  [jvm.dll+0x35892a]  (no source info available)
V  [jvm.dll+0x360e56]  (no source info available)
V  [jvm.dll+0x3b3d7e]  (no source info available)
V  [jvm.dll+0x3b4028]  (no source info available)
V  [jvm.dll+0x32c4ec]  (no source info available)
V  [jvm.dll+0x32d0a8]  (no source info available)
V  [jvm.dll+0x83cd9c]  (no source info available)
V  [jvm.dll+0x3c0cc1]  (no source info available)
V  [jvm.dll+0x825d8c]  (no source info available)
V  [jvm.dll+0x45b9ee]  (no source info available)
V  [jvm.dll+0x45d871]  (no source info available)
C  [jli.dll+0x52a3]  (no source info available)
C  [ucrtbase.dll+0x21bb2]  (no source info available)
C  [KERNEL32.DLL+0x17344]  (no source info available)
C  [ntdll.dll+0x526b1]  (no source info available)


---------------  P R O C E S S  ---------------

Threads class SMR info:
_java_thread_list=0x00007ff9c092c1c8, length=0, elements={
}

Java Threads: ( => current thread )
Total: 0

Other Threads:
  0x000001e6564b4540 WorkerThread "GC Thread#0"                     [id=19136, stack(0x000000bd75b00000,0x000000bd75c00000) (1024K)]
  0x000001e6564c0ef0 ConcurrentGCThread "G1 Main Marker"            [id=5280, stack(0x000000bd75c00000,0x000000bd75d00000) (1024K)]
  0x000001e6564c1dc0 WorkerThread "G1 Conc#0"                       [id=17388, stack(0x000000bd75d00000,0x000000bd75e00000) (1024K)]

[error occurred during error reporting (printing all threads), id 0xc0000005, EXCEPTION_ACCESS_VIOLATION (0xc0000005) at pc=0x00007ff9c007f2b7]
VM state: not at safepoint (not fully initialized)

VM Mutex/Monitor currently owned by a thread:  ([mutex/lock_event])
[0x00007ff9c09accc8] Heap_lock - owner thread: 0x000001e6543bc6b0

Heap address: 0x0000000083800000, size: 1992 MB, Compressed Oops mode: 32-bit

CDS archive(s) mapped at: [0x0000000000000000-0x0000000000000000-0x0000000000000000), size 0, SharedBaseAddress: 0x0000000800000000, ArchiveRelocationMode: 1.
Narrow klass base: 0x0000000000000000, Narrow klass shift: 0, Narrow klass range: 0x0

GC Precious Log:
 CardTable entry size: 512
 Card Set container configuration: InlinePtr #cards 5 size 8 Array Of Cards #cards 12 size 40 Howl #buckets 4 coarsen threshold 1843 Howl Bitmap #cards 512 size 80 coarsen threshold 460 Card regions per heap region 1 cards per card region 2048

Heap:
 garbage-first heap   total reserved 2039808K, committed 0K, used 0K [0x0000000083800000, 0x0000000100000000)
  region size 1024K, 0 young (0K), 0 survivors (0K)

[error occurred during error reporting (printing heap information), id 0xc0000005, EXCEPTION_ACCESS_VIOLATION (0xc0000005) at pc=0x00007ff9c047e4e9]
GC Heap History (0 events):
No events

Dll operation events (1 events):
Event: 0.016 Loaded shared library C:\Users\AK127686\.jdks\openjdk-22\bin\java.dll

Deoptimization events (0 events):
No events

Classes loaded (0 events):
No events

Classes unloaded (0 events):
No events

Classes redefined (0 events):
No events

Internal exceptions (0 events):
No events

ZGC Phase Switch (0 events):
No events

VM Operations (0 events):
No events

Events (0 events):
No events


Dynamic libraries:
0x00007ff6fc930000 - 0x00007ff6fc93e000 	C:\Users\AK127686\.jdks\openjdk-22\bin\java.exe
0x00007ffa46d70000 - 0x00007ffa46f68000 	C:\WINDOWS\SYSTEM32\ntdll.dll
0x00007ffa46470000 - 0x00007ffa4652d000 	C:\WINDOWS\System32\KERNEL32.DLL
0x00007ffa44810000 - 0x00007ffa44b06000 	C:\WINDOWS\System32\KERNELBASE.dll
0x00007ffa41cd0000 - 0x00007ffa41d60000 	C:\WINDOWS\SYSTEM32\apphelp.dll
0x00007ffa44cd0000 - 0x00007ffa44dd0000 	C:\WINDOWS\System32\ucrtbase.dll
0x00007ffa1c6b0000 - 0x00007ffa1c6cb000 	C:\Users\AK127686\.jdks\openjdk-22\bin\VCRUNTIME140.dll
0x00007ffa20cb0000 - 0x00007ffa20cc7000 	C:\Users\AK127686\.jdks\openjdk-22\bin\jli.dll
0x00007ffa45d80000 - 0x00007ffa45f1e000 	C:\WINDOWS\System32\USER32.dll
0x00007ffa44450000 - 0x00007ffa44472000 	C:\WINDOWS\System32\win32u.dll
0x00007ffa46440000 - 0x00007ffa4646c000 	C:\WINDOWS\System32\GDI32.dll
0x00007ffa44bb0000 - 0x00007ffa44cca000 	C:\WINDOWS\System32\gdi32full.dll
0x00007ffa249f0000 - 0x00007ffa24c8a000 	C:\WINDOWS\WinSxS\amd64_microsoft.windows.common-controls_6595b64144ccf1df_6.0.19041.3636_none_60b6a03d71f818d5\COMCTL32.dll
0x00007ffa44b10000 - 0x00007ffa44bad000 	C:\WINDOWS\System32\msvcp_win.dll
0x00007ffa46c30000 - 0x00007ffa46cce000 	C:\WINDOWS\System32\msvcrt.dll
0x00007ffa44f90000 - 0x00007ffa44fc0000 	C:\WINDOWS\System32\IMM32.DLL
0x00007ffa26dc0000 - 0x00007ffa26dcc000 	C:\Users\AK127686\.jdks\openjdk-22\bin\vcruntime140_1.dll
0x00007ff9fe540000 - 0x00007ff9fe5ce000 	C:\Users\AK127686\.jdks\openjdk-22\bin\msvcp140.dll
0x00007ff9bfd40000 - 0x00007ff9c0a88000 	C:\Users\AK127686\.jdks\openjdk-22\bin\server\jvm.dll
0x00007ffa46530000 - 0x00007ffa465df000 	C:\WINDOWS\System32\ADVAPI32.dll
0x00007ffa45850000 - 0x00007ffa458ec000 	C:\WINDOWS\System32\sechost.dll
0x00007ffa46890000 - 0x00007ffa469b6000 	C:\WINDOWS\System32\RPCRT4.dll
0x00007ffa45f80000 - 0x00007ffa45feb000 	C:\WINDOWS\System32\WS2_32.dll
0x00007ffa439b0000 - 0x00007ffa439fb000 	C:\WINDOWS\SYSTEM32\POWRPROF.dll
0x00007ffa25700000 - 0x00007ffa25727000 	C:\WINDOWS\SYSTEM32\WINMM.dll
0x00007ffa43340000 - 0x00007ffa4334a000 	C:\WINDOWS\SYSTEM32\VERSION.dll
0x00007ffa43870000 - 0x00007ffa43882000 	C:\WINDOWS\SYSTEM32\UMPDC.dll
0x00007ffa422f0000 - 0x00007ffa42302000 	C:\WINDOWS\SYSTEM32\kernel.appcore.dll
0x00007ffa26d60000 - 0x00007ffa26d6a000 	C:\Users\AK127686\.jdks\openjdk-22\bin\jimage.dll
0x00007ffa15310000 - 0x00007ffa154f4000 	C:\WINDOWS\SYSTEM32\DBGHELP.DLL
0x00007ffa159e0000 - 0x00007ffa15a14000 	C:\WINDOWS\SYSTEM32\dbgcore.DLL
0x00007ffa44750000 - 0x00007ffa447d2000 	C:\WINDOWS\System32\bcryptPrimitives.dll
0x00007ffa40300000 - 0x00007ffa4030f000 	C:\Users\AK127686\.jdks\openjdk-22\bin\instrument.dll
0x00007ffa1c690000 - 0x00007ffa1c6ae000 	C:\Users\AK127686\.jdks\openjdk-22\bin\java.dll
0x00007ffa44fd0000 - 0x00007ffa45714000 	C:\WINDOWS\System32\SHELL32.dll
0x00007ffa469c0000 - 0x00007ffa46aeb000 	C:\WINDOWS\System32\ole32.dll
0x00007ffa460e0000 - 0x00007ffa46434000 	C:\WINDOWS\System32\combase.dll

dbghelp: loaded successfully - version: 4.0.5 - missing functions: none
symbol engine: initialized successfully - sym options: 0x614 - pdb path: .;C:\Users\AK127686\.jdks\openjdk-22\bin;C:\WINDOWS\SYSTEM32;C:\WINDOWS\WinSxS\amd64_microsoft.windows.common-controls_6595b64144ccf1df_6.0.19041.3636_none_60b6a03d71f818d5;C:\Users\AK127686\.jdks\openjdk-22\bin\server

VM Arguments:
jvm_args: -Dmaven.multiModuleProjectDirectory=H:\Software\AdvancementPlugin -Djansi.passthrough=true -Dmaven.home=C:\Program Files\JetBrains\IntelliJ IDEA Community Edition 2024.1\plugins\maven\lib\maven3 -Dclassworlds.conf=C:\Program Files\JetBrains\IntelliJ IDEA Community Edition 2024.1\plugins\maven\lib\maven3\bin\m2.conf -Dmaven.ext.class.path=C:\Program Files\JetBrains\IntelliJ IDEA Community Edition 2024.1\plugins\maven\lib\maven-event-listener.jar -javaagent:C:\Program Files\JetBrains\IntelliJ IDEA Community Edition 2024.1\lib\idea_rt.jar=54397:C:\Program Files\JetBrains\IntelliJ IDEA Community Edition 2024.1\bin -Dfile.encoding=UTF-8 -Dsun.stdout.encoding=UTF-8 -Dsun.stderr.encoding=UTF-8 
java_command: org.codehaus.classworlds.Launcher -Didea.version=2024.1 package
java_class_path (initial): C:\Program Files\JetBrains\IntelliJ IDEA Community Edition 2024.1\plugins\maven\lib\maven3\boot\plexus-classworlds-2.7.0.jar;C:\Program Files\JetBrains\IntelliJ IDEA Community Edition 2024.1\plugins\maven\lib\maven3\boot\plexus-classworlds.license
Launcher Type: SUN_STANDARD

[Global flags]
     intx CICompilerCount                          = 3                                         {product} {ergonomic}
     uint ConcGCThreads                            = 2                                         {product} {ergonomic}
     uint G1ConcRefinementThreads                  = 6                                         {product} {ergonomic}
   size_t G1HeapRegionSize                         = 1048576                                   {product} {ergonomic}
   size_t InitialHeapSize                          = 132120576                                 {product} {ergonomic}
   size_t MarkStackSize                            = 4194304                                   {product} {ergonomic}
   size_t MaxHeapSize                              = 2088763392                                {product} {ergonomic}
   size_t MinHeapDeltaBytes                        = 1048576                                   {product} {ergonomic}
   size_t MinHeapSize                              = 8388608                                   {product} {ergonomic}
    uintx NonNMethodCodeHeapSize                   = 5832780                                {pd product} {ergonomic}
    uintx NonProfiledCodeHeapSize                  = 122912730                              {pd product} {ergonomic}
    uintx ProfiledCodeHeapSize                     = 122912730                              {pd product} {ergonomic}
    uintx ReservedCodeCacheSize                    = 251658240                              {pd product} {ergonomic}
     bool SegmentedCodeCache                       = true                                      {product} {ergonomic}
   size_t SoftMaxHeapSize                          = 2088763392                             {manageable} {ergonomic}
     bool UseCompressedOops                        = true                           {product lp64_product} {ergonomic}
     bool UseG1GC                                  = true                                      {product} {ergonomic}
     bool UseLargePagesIndividualAllocation        = false                                  {pd product} {ergonomic}

Logging:
Log output configuration:
 #0: stdout all=warning uptime,level,tags foldmultilines=false
 #1: stderr all=off uptime,level,tags foldmultilines=false

Environment Variables:
JAVA_HOME=C:\Program Files\Eclipse Adoptium\jre-8.0.402.6-hotspot\
PATH=C:\Program Files (x86)\Common Files\Oracle\Java\javapath;C:\Program Files\Eclipse Adoptium\jre-8.0.402.6-hotspot\bin;C:\WINDOWS\system32;C:\WINDOWS;C:\WINDOWS\System32\Wbem;C:\WINDOWS\System32\WindowsPowerShell\v1.0\;C:\WINDOWS\System32\OpenSSH\;C:\Program Files (x86)\Novell\ZENworks\bin;C:\Program Files\Novell\iPrint;C:\Program Files (x86)\Sennheiser\SenncomSDK\;C:\Program Files (x86)\Novell\GroupWise;C:\Program Files\PuTTY\;C:\Program Files\Git\cmd;C:\Users\AK127686\AppData\Local\Microsoft\WindowsApps;
USERNAME=AK127686
OS=Windows_NT
PROCESSOR_IDENTIFIER=Intel64 Family 6 Model 158 Stepping 10, GenuineIntel
TMP=C:\Users\AK127686\AppData\Local\Temp
TEMP=C:\Users\AK127686\AppData\Local\Temp




Periodic native trim disabled

---------------  S Y S T E M  ---------------

OS:
 Windows 10 , 64 bit Build 19041 (10.0.19041.3636)
OS uptime: 0 days 5:11 hours

CPU: total 6 (initial active 6) (6 cores per cpu, 1 threads per core) family 6 model 158 stepping 10 microcode 0xca, cx8, cmov, fxsr, mmx, 3dnowpref, sse, sse2, sse3, ssse3, sse4.1, sse4.2, popcnt, lzcnt, tsc, tscinvbit, avx, avx2, aes, erms, clmul, bmi1, bmi2, rtm, adx, fma, vzeroupper, clflush, clflushopt, rdtscp, f16c
Processor Information for all 6 processors :
  Max Mhz: 3000, Current Mhz: 3000, Mhz Limit: 3000

Memory: 4k page, system-wide physical 7966M (1076M free)
TotalPageFile size 8990M (AvailPageFile size 84M)
current process WorkingSet (physical memory assigned to process): 13M, peak: 13M
current process commit charge ("private bytes"): 56M, peak: 182M

vm_info: OpenJDK 64-Bit Server VM (22+36-2370) for windows-amd64 JRE (22+36-2370), built on 2024-02-15T22:15:19Z by "mach5one" with MS VC++ 17.6 (VS2022)

END.
